<?xml version="1.0" encoding="UTF-8"?>
<!-- Generated by org.testng.reporters.JUnitReportReporter -->
<testsuite skipped="0" hostname="IBM-Testing01" name="com.training.sanity.tests.Susmitha3_Test" tests="5" failures="0" timestamp="19 Feb 2020 05:03:14 GMT" time="10.805" errors="0">
  <testcase name="login" time="1.679" classname="com.training.sanity.tests.Susmitha3_Test"/>
  <testcase name="validStep_3" time="1.711" classname="com.training.sanity.tests.Susmitha3_Test"/>
  <testcase name="validStep_3" time="1.945" classname="com.training.sanity.tests.Susmitha3_Test"/>
  <testcase name="validStep_3" time="1.624" classname="com.training.sanity.tests.Susmitha3_Test"/>
  <testcase name="validStep_3" time="3.846" classname="com.training.sanity.tests.Susmitha3_Test"/>
</testsuite> <!-- com.training.sanity.tests.Susmitha3_Test -->
