<?xml version="1.0" encoding="UTF-8"?>
<!-- Generated by org.testng.reporters.JUnitReportReporter -->
<testsuite skipped="0" hostname="IBM-Testing01" name="com.training.sanity.tests.AdTest" tests="2" failures="0" timestamp="19 Feb 2020 12:05:51 GMT" time="34.035" errors="0">
  <testcase name="AdsvalidationTest" time="20.020" classname="com.training.sanity.tests.AdTest"/>
  <testcase name="memberLoginAds" time="14.015" classname="com.training.sanity.tests.AdTest"/>
</testsuite> <!-- com.training.sanity.tests.AdTest -->
