<?xml version="1.0" encoding="UTF-8"?>
<!-- Generated by org.testng.reporters.JUnitReportReporter -->
<testsuite skipped="0" hostname="IBM-Testing01" name="com.training.sanity.tests.Susmitha_Test2" tests="1" failures="0" timestamp="19 Feb 2020 03:52:36 GMT" time="38.496" errors="0">
  <testcase name="ValidTest_Step2" time="38.496" classname="com.training.sanity.tests.Susmitha_Test2"/>
</testsuite> <!-- com.training.sanity.tests.Susmitha_Test2 -->
