<?xml version="1.0" encoding="UTF-8"?>
<!-- Generated by org.testng.reporters.JUnitReportReporter -->
<testsuite skipped="0" hostname="IBM-Testing01" name="com.training.sanity.tests.PavanFirstTests" tests="1" failures="0" timestamp="19 Feb 2020 04:38:48 GMT" time="5.739" errors="0">
  <testcase name="validLoginTest" time="5.739" classname="com.training.sanity.tests.PavanFirstTests"/>
</testsuite> <!-- com.training.sanity.tests.PavanFirstTests -->
