<?xml version="1.0" encoding="UTF-8"?>
<!-- Generated by org.testng.reporters.JUnitReportReporter -->
<testsuite skipped="0" hostname="IBM-Testing01" name="com.training.sanity.tests.Susmitha_Test1" tests="1" failures="0" timestamp="19 Feb 2020 03:38:28 GMT" time="15.743" errors="0">
  <testcase name="validTest_Step1" time="15.743" classname="com.training.sanity.tests.Susmitha_Test1"/>
</testsuite> <!-- com.training.sanity.tests.Susmitha_Test1 -->
