<?xml version="1.0" encoding="UTF-8"?>
<!-- Generated by org.testng.reporters.JUnitReportReporter -->
<testsuite skipped="0" hostname="IBM-Testing01" name="com.training.sanity.tests.SaiStatisticalTests" tests="1" failures="0" timestamp="19 Feb 2020 08:22:41 GMT" time="17.192" errors="0">
  <testcase name="validLoginTest" time="17.192" classname="com.training.sanity.tests.SaiStatisticalTests"/>
</testsuite> <!-- com.training.sanity.tests.SaiStatisticalTests -->
