<?xml version="1.0" encoding="UTF-8"?>
<!-- Generated by org.testng.reporters.JUnitReportReporter -->
<testsuite skipped="0" hostname="IBM-Testing01" name="com.training.sanity.tests.RojaTestMess" tests="2" failures="0" timestamp="19 Feb 2020 05:32:03 GMT" time="11.424" errors="0">
  <testcase name="validLoginTest" time="2.373" classname="com.training.sanity.tests.RojaTestMess"/>
  <testcase name="memInput" time="9.051" classname="com.training.sanity.tests.RojaTestMess"/>
</testsuite> <!-- com.training.sanity.tests.RojaTestMess -->
