<?xml version="1.0" encoding="UTF-8"?>
<!-- Generated by org.testng.reporters.JUnitReportReporter -->
<testsuite skipped="0" hostname="IBM-Testing01" name="com.training.sanity.tests.Susmitha1_Test" tests="1" failures="0" timestamp="19 Feb 2020 05:02:15 GMT" time="16.924" errors="0">
  <testcase name="validTest_Step1" time="16.924" classname="com.training.sanity.tests.Susmitha1_Test"/>
</testsuite> <!-- com.training.sanity.tests.Susmitha1_Test -->
