<?xml version="1.0" encoding="UTF-8"?>
<!-- Generated by org.testng.reporters.JUnitReportReporter -->
<testsuite skipped="0" hostname="IBM-Testing01" name="com.training.sanity.tests.VidyaMediumTest" tests="4" failures="0" timestamp="19 Feb 2020 08:20:37 GMT" time="10.274" errors="0">
  <testcase name="validLoginTest" time="2.183" classname="com.training.sanity.tests.VidyaMediumTest"/>
  <testcase name="memberLogin" time="1.340" classname="com.training.sanity.tests.VidyaMediumTest"/>
  <testcase name="grant" time="4.084" classname="com.training.sanity.tests.VidyaMediumTest"/>
  <testcase name="memlogin" time="2.667" classname="com.training.sanity.tests.VidyaMediumTest"/>
</testsuite> <!-- com.training.sanity.tests.VidyaMediumTest -->
