<?xml version="1.0" encoding="UTF-8"?>
<!-- Generated by org.testng.reporters.JUnitReportReporter -->
<testsuite skipped="0" hostname="IBM-Testing01" name="com.training.sanity.tests.RojaLoginTest" tests="5" failures="0" timestamp="19 Feb 2020 04:34:28 GMT" time="13.435" errors="0">
  <testcase name="validLoginTest" time="2.511" classname="com.training.sanity.tests.RojaLoginTest"/>
  <testcase name="accountLink" time="1.237" classname="com.training.sanity.tests.RojaLoginTest"/>
  <testcase name="memPayClick" time="1.457" classname="com.training.sanity.tests.RojaLoginTest"/>
  <testcase name="memInput" time="6.288" classname="com.training.sanity.tests.RojaLoginTest"/>
  <testcase name="finalSubmit" time="1.942" classname="com.training.sanity.tests.RojaLoginTest"/>
</testsuite> <!-- com.training.sanity.tests.RojaLoginTest -->
